No configurations were defined in extends -- using built in recommended configuration by default.

validating openapi.json...
[1] openapi.json:3:11 at #/info

Info object should contain `license` field.

1 | {
2 |   "openapi": "3.0.2",
3 |   "info": {
  |           ^
4 |     "title": "Prime Trust API",
  |     ^^^^^^^^^^^^^^^^^^^^^^^^^^^
… |     < 2 more lines >
7 |   },
  |   ^
8 |   "paths": {
9 |     "/v2/access-policies": {

Warning was generated by the info-license rule.


[2] openapi.json:46210:7 at #/components/schemas/account_types__types__all

Component: "account_types__types__all" is never used.

46208 |   "description": ""
46209 | },
46210 | "account_types__types__all": {
      | ^^^^^^^^^^^^^^^^^^^^^^^^^^^
46211 |   "type": "string",
46212 |   "title": "Account Type",

Warning was generated by the no-unused-components rule.


[3] openapi.json:46222:7 at #/components/schemas/funds_transfer_types__manual

Component: "funds_transfer_types__manual" is never used.

46220 |   "description": ""
46221 | },
46222 | "funds_transfer_types__manual": {
      | ^^^^^^^^^^^^^^^^^^^^^^^^^^^^^^
46223 |   "type": "string",
46224 |   "title": "Manual Funds Transfer Types",

Warning was generated by the no-unused-components rule.


[4] openapi.json:46323:7 at #/components/schemas/account_policies__account_risk_level

Component: "account_policies__account_risk_level" is never used.

46321 |   "description": ""
46322 | },
46323 | "account_policies__account_risk_level": {
      | ^^^^^^^^^^^^^^^^^^^^^^^^^^^^^^^^^^^^^^
46324 |   "type": "string",
46325 |   "title": "Account Risk Levels",

Warning was generated by the no-unused-components rule.


[5] openapi.json:46333:7 at #/components/schemas/account_policies__allowed_incoming_funds_transfer_types

Component: "account_policies__allowed_incoming_funds_transfer_types" is never used.

46331 |   "description": ""
46332 | },
46333 | "account_policies__allowed_incoming_funds_transfer_types": {
      | ^^^^^^^^^^^^^^^^^^^^^^^^^^^^^^^^^^^^^^^^^^^^^^^^^^^^^^^^^
46334 |   "type": "string",
46335 |   "title": "Incoming Fund Types",

Warning was generated by the no-unused-components rule.


[6] openapi.json:46345:7 at #/components/schemas/account_policies__allowed_outgoing_funds_transfer_types

Component: "account_policies__allowed_outgoing_funds_transfer_types" is never used.

46343 |   "description": ""
46344 | },
46345 | "account_policies__allowed_outgoing_funds_transfer_types": {
      | ^^^^^^^^^^^^^^^^^^^^^^^^^^^^^^^^^^^^^^^^^^^^^^^^^^^^^^^^^
46346 |   "type": "string",
46347 |   "title": "Outgoing Fund Types",

Warning was generated by the no-unused-components rule.


[7] openapi.json:46366:7 at #/components/schemas/account_policies__default_currency

Component: "account_policies__default_currency" is never used.

46364 |   "description": ""
46365 | },
46366 | "account_policies__default_currency": {
      | ^^^^^^^^^^^^^^^^^^^^^^^^^^^^^^^^^^^^
46367 |   "type": "string",
46368 |   "title": "Allowed Currencies",

Warning was generated by the no-unused-components rule.


[8] openapi.json:46379:7 at #/components/schemas/account_policies__required_kyc_documents

Component: "account_policies__required_kyc_documents" is never used.

46377 |   "description": ""
46378 | },
46379 | "account_policies__required_kyc_documents": {
      | ^^^^^^^^^^^^^^^^^^^^^^^^^^^^^^^^^^^^^^^^^^
46380 |   "type": "string",
46381 |   "title": "Required KYC Documents",

Warning was generated by the no-unused-components rule.


[9] openapi.json:46388:7 at #/components/schemas/resource_tokens__resource_token_types

Component: "resource_tokens__resource_token_types" is never used.

46386 |   "description": ""
46387 | },
46388 | "resource_tokens__resource_token_types": {
      | ^^^^^^^^^^^^^^^^^^^^^^^^^^^^^^^^^^^^^^^
46389 |   "type": "string",
46390 |   "title": "Resource Token Type",

Warning was generated by the no-unused-components rule.


[10] openapi.json:46442:7 at #/components/schemas/asset_transfer_method__asset_transfer_types

Component: "asset_transfer_method__asset_transfer_types" is never used.

46440 |   "description": ""
46441 | },
46442 | "asset_transfer_method__asset_transfer_types": {
      | ^^^^^^^^^^^^^^^^^^^^^^^^^^^^^^^^^^^^^^^^^^^^^
46443 |   "type": "string",
46444 |   "title": "Asset Transfer Types",

Warning was generated by the no-unused-components rule.


[11] openapi.json:46459:7 at #/components/schemas/asset_transfer_method__transfer_directions

Component: "asset_transfer_method__transfer_directions" is never used.

46457 |   "description": ""
46458 | },
46459 | "asset_transfer_method__transfer_directions": {
      | ^^^^^^^^^^^^^^^^^^^^^^^^^^^^^^^^^^^^^^^^^^^^
46460 |   "type": "string",
46461 |   "title": "Asset Transfer Directions",

Warning was generated by the no-unused-components rule.


[12] openapi.json:47154:7 at #/components/schemas/types__ipv4_address

Component: "types__ipv4_address" is never used.

47152 |   "description": ""
47153 | },
47154 | "types__ipv4_address": {
      | ^^^^^^^^^^^^^^^^^^^^^
47155 |   "title": "IPv4 Address",
47156 |   "type": "string",

Warning was generated by the no-unused-components rule.


[13] openapi.json:47513:7 at #/components/schemas/currency__default

Component: "currency__default" is never used.

47511 |   "description": ""
47512 | },
47513 | "currency__default": {
      | ^^^^^^^^^^^^^^^^^^^
47514 |   "title": "Default Currency",
47515 |   "type": "string",

Warning was generated by the no-unused-components rule.


[14] openapi.json:47614:7 at #/components/schemas/bank_reports__create

Component: "bank_reports__create" is never used.

47612 |   "description": ""
47613 | },
47614 | "bank_reports__create": {
      | ^^^^^^^^^^^^^^^^^^^^^^
47615 |   "title": "Bank Reports: Create",
47616 |   "type": "object",

Warning was generated by the no-unused-components rule.


[15] openapi.json:47631:7 at #/components/schemas/trade_desks__update

Component: "trade_desks__update" is never used.

47629 |   "description": ""
47630 | },
47631 | "trade_desks__update": {
      | ^^^^^^^^^^^^^^^^^^^^^
47632 |   "title": "Trade Desks: Update",
47633 |   "type": "object",

Warning was generated by the no-unused-components rule.


[16] openapi.json:47872:7 at #/components/schemas/31000__error

Component: "31000__error" is never used.

47870 |   "description": ""
47871 | },
47872 | "31000__error": {
      | ^^^^^^^^^^^^^^
47873 |   "title": "31000: Error",
47874 |   "type": "object",

Warning was generated by the no-unused-components rule.


[17] openapi.json:47932:7 at #/components/schemas/apto_corporations__create

Component: "apto_corporations__create" is never used.

47930 |   "description": ""
47931 | },
47932 | "apto_corporations__create": {
      | ^^^^^^^^^^^^^^^^^^^^^^^^^^^
47933 |   "title": "Apto Corporations: Create",
47934 |   "type": "object",

Warning was generated by the no-unused-components rule.


[18] openapi.json:47958:7 at #/components/schemas/apto_corporations__update

Component: "apto_corporations__update" is never used.

47956 |   "description": ""
47957 | },
47958 | "apto_corporations__update": {
      | ^^^^^^^^^^^^^^^^^^^^^^^^^^^
47959 |   "title": "Apto Corporations: Update",
47960 |   "type": "object",

Warning was generated by the no-unused-components rule.


[19] openapi.json:47977:7 at #/components/schemas/admin_funds_transfers__create

Component: "admin_funds_transfers__create" is never used.

47975 |   "description": ""
47976 | },
47977 | "admin_funds_transfers__create": {
      | ^^^^^^^^^^^^^^^^^^^^^^^^^^^^^^^
47978 |   "title": "Admin Funds Transfers: Create",
47979 |   "type": "object",

Warning was generated by the no-unused-components rule.


[20] openapi.json:48330:7 at #/components/schemas/contact_funds_transfer_references__settle_funds_transfer

Component: "contact_funds_transfer_references__settle_funds_transfer" is never used.

48328 |   "description": ""
48329 | },
48330 | "contact_funds_transfer_references__settle_funds_transfer": {
      | ^^^^^^^^^^^^^^^^^^^^^^^^^^^^^^^^^^^^^^^^^^^^^^^^^^^^^^^^^^
48331 |   "title": "Contact Funds Transfer References: Settle Funds Transfer",
48332 |   "type": "object",

Warning was generated by the no-unused-components rule.


[21] openapi.json:49284:7 at #/components/schemas/account_risk_reviews__create

Component: "account_risk_reviews__create" is never used.

49282 |   "description": ""
49283 | },
49284 | "account_risk_reviews__create": {
      | ^^^^^^^^^^^^^^^^^^^^^^^^^^^^^^
49285 |   "title": "Account Risk Reviews: Create",
49286 |   "type": "object",

Warning was generated by the no-unused-components rule.


[22] openapi.json:49297:7 at #/components/schemas/addresses__update

Component: "addresses__update" is never used.

49295 |   "description": ""
49296 | },
49297 | "addresses__update": {
      | ^^^^^^^^^^^^^^^^^^^
49298 |   "title": "Addresses: Update",
49299 |   "oneOf": [

Warning was generated by the no-unused-components rule.


[23] openapi.json:49445:7 at #/components/schemas/kyc_document_checks__reprocess

Component: "kyc_document_checks__reprocess" is never used.

49443 |   "description": ""
49444 | },
49445 | "kyc_document_checks__reprocess": {
      | ^^^^^^^^^^^^^^^^^^^^^^^^^^^^^^^^
49446 |   "title": "Kyc Document Checks: Reprocess",
49447 |   "type": "object",

Warning was generated by the no-unused-components rule.


[24] openapi.json:49550:7 at #/components/schemas/cip_checks__create

Component: "cip_checks__create" is never used.

49548 |   "description": ""
49549 | },
49550 | "cip_checks__create": {
      | ^^^^^^^^^^^^^^^^^^^^
49551 |   "title": "Cip Checks: Create",
49552 |   "type": "object",

Warning was generated by the no-unused-components rule.


[25] openapi.json:49563:7 at #/components/schemas/cip_checks__update

Component: "cip_checks__update" is never used.

49561 |   "description": ""
49562 | },
49563 | "cip_checks__update": {
      | ^^^^^^^^^^^^^^^^^^^^
49564 |   "title": "Cip Checks: Update",
49565 |   "type": "object",

Warning was generated by the no-unused-components rule.


[26] openapi.json:49715:7 at #/components/schemas/incoming_wire_batches__update_rows

Component: "incoming_wire_batches__update_rows" is never used.

49713 |   "description": ""
49714 | },
49715 | "incoming_wire_batches__update_rows": {
      | ^^^^^^^^^^^^^^^^^^^^^^^^^^^^^^^^^^^^
49716 |   "title": "Incoming Wire Batches: Update Rows",
49717 |   "type": "object",

Warning was generated by the no-unused-components rule.


[27] openapi.json:49747:7 at #/components/schemas/22000__error

Component: "22000__error" is never used.

49745 |   "description": ""
49746 | },
49747 | "22000__error": {
      | ^^^^^^^^^^^^^^
49748 |   "title": "22000: Error",
49749 |   "type": "object",

Warning was generated by the no-unused-components rule.


[28] openapi.json:50616:7 at #/components/schemas/funds_transfer_methods__transfer_type

Component: "funds_transfer_methods__transfer_type" is never used.

50614 |   "description": ""
50615 | },
50616 | "funds_transfer_methods__transfer_type": {
      | ^^^^^^^^^^^^^^^^^^^^^^^^^^^^^^^^^^^^^^^
50617 |   "title": "Funds Transfer Type",
50618 |   "type": "object",

Warning was generated by the no-unused-components rule.


[29] openapi.json:50662:7 at #/components/schemas/85001__error

Component: "85001__error" is never used.

50660 |   "description": ""
50661 | },
50662 | "85001__error": {
      | ^^^^^^^^^^^^^^
50663 |   "title": "85001: Error",
50664 |   "type": "object",

Warning was generated by the no-unused-components rule.


[30] openapi.json:50712:7 at #/components/schemas/outgoing_wire_batches__create

Component: "outgoing_wire_batches__create" is never used.

50710 |   "description": ""
50711 | },
50712 | "outgoing_wire_batches__create": {
      | ^^^^^^^^^^^^^^^^^^^^^^^^^^^^^^^
50713 |   "title": "Outgoing Wire Batches: Create",
50714 |   "type": "object",

Warning was generated by the no-unused-components rule.


[31] openapi.json:50735:7 at #/components/schemas/outgoing_wire_batches__settle

Component: "outgoing_wire_batches__settle" is never used.

50733 |   "description": ""
50734 | },
50735 | "outgoing_wire_batches__settle": {
      | ^^^^^^^^^^^^^^^^^^^^^^^^^^^^^^^
50736 |   "title": "Outgoing Wire Batches: Settle",
50737 |   "type": "object",

Warning was generated by the no-unused-components rule.


[32] openapi.json:51460:7 at #/components/schemas/asset_transfers__settle

Component: "asset_transfers__settle" is never used.

51458 |   "description": ""
51459 | },
51460 | "asset_transfers__settle": {
      | ^^^^^^^^^^^^^^^^^^^^^^^^^
51461 |   "title": "Asset Transfers: Settle",
51462 |   "type": "object",

Warning was generated by the no-unused-components rule.


[33] openapi.json:51504:7 at #/components/schemas/admin_notes__update

Component: "admin_notes__update" is never used.

51502 |   "description": ""
51503 | },
51504 | "admin_notes__update": {
      | ^^^^^^^^^^^^^^^^^^^^^
51505 |   "title": "Admin Notes: Update",
51506 |   "type": "object",

Warning was generated by the no-unused-components rule.


[34] openapi.json:51555:7 at #/components/schemas/signet_transactions__send

Component: "signet_transactions__send" is never used.

51553 |   "description": ""
51554 | },
51555 | "signet_transactions__send": {
      | ^^^^^^^^^^^^^^^^^^^^^^^^^^^
51556 |   "title": "Send",
51557 |   "type": "object",

Warning was generated by the no-unused-components rule.


[35] openapi.json:51634:7 at #/components/schemas/user_policies__create

Component: "user_policies__create" is never used.

51632 |   "description": ""
51633 | },
51634 | "user_policies__create": {
      | ^^^^^^^^^^^^^^^^^^^^^^^
51635 |   "title": "User Policies: Create",
51636 |   "type": "object",

Warning was generated by the no-unused-components rule.


[36] openapi.json:51656:7 at #/components/schemas/67000__error

Component: "67000__error" is never used.

51654 |   "description": ""
51655 | },
51656 | "67000__error": {
      | ^^^^^^^^^^^^^^
51657 |   "title": "67000: Error",
51658 |   "type": "object",

Warning was generated by the no-unused-components rule.


[37] openapi.json:51723:7 at #/components/schemas/67001__error

Component: "67001__error" is never used.

51721 |   "description": ""
51722 | },
51723 | "67001__error": {
      | ^^^^^^^^^^^^^^
51724 |   "title": "67001: Error",
51725 |   "type": "object",

Warning was generated by the no-unused-components rule.


[38] openapi.json:51790:7 at #/components/schemas/67002__error

Component: "67002__error" is never used.

51788 |   "description": ""
51789 | },
51790 | "67002__error": {
      | ^^^^^^^^^^^^^^
51791 |   "title": "67002: Error",
51792 |   "type": "object",

Warning was generated by the no-unused-components rule.


[39] openapi.json:51840:7 at #/components/schemas/67003__error

Component: "67003__error" is never used.

51838 |   "description": ""
51839 | },
51840 | "67003__error": {
      | ^^^^^^^^^^^^^^
51841 |   "title": "67003: Error",
51842 |   "type": "object",

Warning was generated by the no-unused-components rule.


[40] openapi.json:51890:7 at #/components/schemas/67004__error

Component: "67004__error" is never used.

51888 |   "description": ""
51889 | },
51890 | "67004__error": {
      | ^^^^^^^^^^^^^^
51891 |   "title": "67004: Error",
51892 |   "type": "object",

Warning was generated by the no-unused-components rule.


[41] openapi.json:51940:7 at #/components/schemas/67005__error

Component: "67005__error" is never used.

51938 |   "description": ""
51939 | },
51940 | "67005__error": {
      | ^^^^^^^^^^^^^^
51941 |   "title": "67005: Error",
51942 |   "type": "object",

Warning was generated by the no-unused-components rule.


[42] openapi.json:51990:7 at #/components/schemas/funds_transfer_limit_exemptions__create

Component: "funds_transfer_limit_exemptions__create" is never used.

51988 |   "description": ""
51989 | },
51990 | "funds_transfer_limit_exemptions__create": {
      | ^^^^^^^^^^^^^^^^^^^^^^^^^^^^^^^^^^^^^^^^^
51991 |   "title": "Funds Transfer Limit Exemptions: Create",
51992 |   "type": "object",

Warning was generated by the no-unused-components rule.


[43] openapi.json:52009:7 at #/components/schemas/funds_transfer_limit_exemptions__update

Component: "funds_transfer_limit_exemptions__update" is never used.

52007 |   "description": ""
52008 | },
52009 | "funds_transfer_limit_exemptions__update": {
      | ^^^^^^^^^^^^^^^^^^^^^^^^^^^^^^^^^^^^^^^^^
52010 |   "title": "Funds Transfer Limit Exemptions: Update",
52011 |   "type": "object",

Warning was generated by the no-unused-components rule.


[44] openapi.json:52217:7 at #/components/schemas/21000__error

Component: "21000__error" is never used.

52215 |   "description": ""
52216 | },
52217 | "21000__error": {
      | ^^^^^^^^^^^^^^
52218 |   "title": "21000: Error",
52219 |   "type": "object",

Warning was generated by the no-unused-components rule.


[45] openapi.json:52267:7 at #/components/schemas/21100__error

Component: "21100__error" is never used.

52265 |   "description": ""
52266 | },
52267 | "21100__error": {
      | ^^^^^^^^^^^^^^
52268 |   "title": "21100: Error",
52269 |   "type": "object",

Warning was generated by the no-unused-components rule.


[46] openapi.json:52327:7 at #/components/schemas/nacha_batches__create

Component: "nacha_batches__create" is never used.

52325 |   "description": ""
52326 | },
52327 | "nacha_batches__create": {
      | ^^^^^^^^^^^^^^^^^^^^^^^
52328 |   "title": "Nacha Batches: Create",
52329 |   "type": "object",

Warning was generated by the no-unused-components rule.


[47] openapi.json:52346:7 at #/components/schemas/nacha_batches__settle

Component: "nacha_batches__settle" is never used.

52344 |   "description": ""
52345 | },
52346 | "nacha_batches__settle": {
      | ^^^^^^^^^^^^^^^^^^^^^^^
52347 |   "title": "Nacha Batches: Settle",
52348 |   "type": "object",

Warning was generated by the no-unused-components rule.


[48] openapi.json:52359:7 at #/components/schemas/rules__update

Component: "rules__update" is never used.

52357 |   "description": ""
52358 | },
52359 | "rules__update": {
      | ^^^^^^^^^^^^^^^
52360 |   "title": "Active",
52361 |   "type": "object",

Warning was generated by the no-unused-components rule.


[49] openapi.json:52404:7 at #/components/schemas/rules__rule_base

Component: "rules__rule_base" is never used.

52402 |   "description": ""
52403 | },
52404 | "rules__rule_base": {
      | ^^^^^^^^^^^^^^^^^^
52405 |   "title": "Rules: Rule Base",
52406 |   "oneOf": [

Warning was generated by the no-unused-components rule.


[50] openapi.json:52496:7 at #/components/schemas/bank_transactions__create

Component: "bank_transactions__create" is never used.

52494 |   "description": ""
52495 | },
52496 | "bank_transactions__create": {
      | ^^^^^^^^^^^^^^^^^^^^^^^^^^^
52497 |   "title": "Bank Transactions: Create",
52498 |   "type": "object",

Warning was generated by the no-unused-components rule.


[51] openapi.json:52957:7 at #/components/schemas/authorization_rule_groups__update

Component: "authorization_rule_groups__update" is never used.

52955 |   "description": ""
52956 | },
52957 | "authorization_rule_groups__update": {
      | ^^^^^^^^^^^^^^^^^^^^^^^^^^^^^^^^^^^
52958 |   "title": "Active",
52959 |   "type": "object",

Warning was generated by the no-unused-components rule.


[52] openapi.json:53505:7 at #/components/schemas/contacts__create

Component: "contacts__create" is never used.

53503 |   "description": ""
53504 | },
53505 | "contacts__create": {
      | ^^^^^^^^^^^^^^^^^^
53506 |   "title": "Contacts: Create",
53507 |   "oneOf": [

Warning was generated by the no-unused-components rule.


[53] openapi.json:54515:7 at #/components/schemas/accounts__set_rule_group

Component: "accounts__set_rule_group" is never used.

54513 |   "description": ""
54514 | },
54515 | "accounts__set_rule_group": {
      | ^^^^^^^^^^^^^^^^^^^^^^^^^^
54516 |   "title": "Accounts: Set Rule Group",
54517 |   "type": "object",

Warning was generated by the no-unused-components rule.


[54] openapi.json:54593:7 at #/components/schemas/accounts__reverse_pending_closure

Component: "accounts__reverse_pending_closure" is never used.

54591 |   "description": ""
54592 | },
54593 | "accounts__reverse_pending_closure": {
      | ^^^^^^^^^^^^^^^^^^^^^^^^^^^^^^^^^^^
54594 |   "title": "Accounts: Reverse Pending Closure",
54595 |   "type": "object",

Warning was generated by the no-unused-components rule.


[55] openapi.json:55033:7 at #/components/schemas/account_statements__statement

Component: "account_statements__statement" is never used.

55031 |   "description": ""
55032 | },
55033 | "account_statements__statement": {
      | ^^^^^^^^^^^^^^^^^^^^^^^^^^^^^^^
55034 |   "title": "Account Statements: Statement",
55035 |   "type": "object",

Warning was generated by the no-unused-components rule.


[56] openapi.json:55046:7 at #/components/schemas/account_statements__batches

Component: "account_statements__batches" is never used.

55044 |   "description": ""
55045 | },
55046 | "account_statements__batches": {
      | ^^^^^^^^^^^^^^^^^^^^^^^^^^^^^
55047 |   "title": "Account Statements: Batches",
55048 |   "oneOf": [

Warning was generated by the no-unused-components rule.


[57] openapi.json:55114:7 at #/components/schemas/trade_desk_routings__update

Component: "trade_desk_routings__update" is never used.

55112 |   "description": ""
55113 | },
55114 | "trade_desk_routings__update": {
      | ^^^^^^^^^^^^^^^^^^^^^^^^^^^^^
55115 |   "title": "Trade Desk Routings: Update",
55116 |   "type": "object",

Warning was generated by the no-unused-components rule.


[58] openapi.json:55140:7 at #/components/schemas/trade_desk_routings__create

Component: "trade_desk_routings__create" is never used.

55138 |   "description": ""
55139 | },
55140 | "trade_desk_routings__create": {
      | ^^^^^^^^^^^^^^^^^^^^^^^^^^^^^
55141 |   "title": "Trade Desk Routings: Create",
55142 |   "type": "object",

Warning was generated by the no-unused-components rule.


[59] openapi.json:55414:7 at #/components/schemas/nacha_configs__create

Component: "nacha_configs__create" is never used.

55412 |   "description": ""
55413 | },
55414 | "nacha_configs__create": {
      | ^^^^^^^^^^^^^^^^^^^^^^^
55415 |   "title": "Nacha Configs: Create",
55416 |   "type": "object",

Warning was generated by the no-unused-components rule.


[60] openapi.json:55470:7 at #/components/schemas/nacha_configs__update

Component: "nacha_configs__update" is never used.

55468 |   "description": ""
55469 | },
55470 | "nacha_configs__update": {
      | ^^^^^^^^^^^^^^^^^^^^^^^
55471 |   "title": "Nacha Configs: Update",
55472 |   "type": "object",

Warning was generated by the no-unused-components rule.


[61] openapi.json:55518:7 at #/components/schemas/agreement_templates__update

Component: "agreement_templates__update" is never used.

55516 |   "description": ""
55517 | },
55518 | "agreement_templates__update": {
      | ^^^^^^^^^^^^^^^^^^^^^^^^^^^^^
55519 |   "title": "Agreement Templates: Update",
55520 |   "type": "object",

Warning was generated by the no-unused-components rule.


[62] openapi.json:55738:7 at #/components/schemas/asset_trade_desks__update

Component: "asset_trade_desks__update" is never used.

55736 |   "description": ""
55737 | },
55738 | "asset_trade_desks__update": {
      | ^^^^^^^^^^^^^^^^^^^^^^^^^^^
55739 |   "title": "Asset Trade Desks: Update",
55740 |   "type": "object",

Warning was generated by the no-unused-components rule.


[63] openapi.json:55791:7 at #/components/schemas/asset_trade_desks__create

Component: "asset_trade_desks__create" is never used.

55789 |   "description": ""
55790 | },
55791 | "asset_trade_desks__create": {
      | ^^^^^^^^^^^^^^^^^^^^^^^^^^^
55792 |   "title": "Asset Trade Desks: Create",
55793 |   "type": "object",

Warning was generated by the no-unused-components rule.


[64] openapi.json:56190:7 at #/components/schemas/account_reviews__create

Component: "account_reviews__create" is never used.

56188 |   "description": ""
56189 | },
56190 | "account_reviews__create": {
      | ^^^^^^^^^^^^^^^^^^^^^^^^^
56191 |   "title": "Account Reviews: Create",
56192 |   "type": "object",

Warning was generated by the no-unused-components rule.


[65] openapi.json:56247:7 at #/components/schemas/aml_checks__create

Component: "aml_checks__create" is never used.

56245 |   "description": ""
56246 | },
56247 | "aml_checks__create": {
      | ^^^^^^^^^^^^^^^^^^^^
56248 |   "title": "Aml Checks: Create",
56249 |   "type": "object",

Warning was generated by the no-unused-components rule.


[66] openapi.json:56950:7 at #/components/schemas/64000__error

Component: "64000__error" is never used.

56948 |   "description": ""
56949 | },
56950 | "64000__error": {
      | ^^^^^^^^^^^^^^
56951 |   "title": "64000: Error",
56952 |   "type": "object",

Warning was generated by the no-unused-components rule.


[67] openapi.json:57000:7 at #/components/schemas/incoming_wire_batch_rows__update

Component: "incoming_wire_batch_rows__update" is never used.

56998 |   "description": ""
56999 | },
57000 | "incoming_wire_batch_rows__update": {
      | ^^^^^^^^^^^^^^^^^^^^^^^^^^^^^^^^^^
57001 |   "title": "Incoming Wire Batch Rows: Update",
57002 |   "type": "object",

Warning was generated by the no-unused-components rule.


[68] openapi.json:57010:7 at #/components/schemas/account_cash_transfers__reverse

Component: "account_cash_transfers__reverse" is never used.

57008 |   "description": ""
57009 | },
57010 | "account_cash_transfers__reverse": {
      | ^^^^^^^^^^^^^^^^^^^^^^^^^^^^^^^^^
57011 |   "title": "Reverse",
57012 |   "type": "object",

Warning was generated by the no-unused-components rule.


[69] openapi.json:57179:7 at #/components/schemas/card_designs__create

Component: "card_designs__create" is never used.

57177 |   "description": ""
57178 | },
57179 | "card_designs__create": {
      | ^^^^^^^^^^^^^^^^^^^^^^
57180 |   "title": "Card Designs: Create",
57181 |   "type": "object",

Warning was generated by the no-unused-components rule.


[70] openapi.json:57209:7 at #/components/schemas/card_designs__update

Component: "card_designs__update" is never used.

57207 |   "description": ""
57208 | },
57209 | "card_designs__update": {
      | ^^^^^^^^^^^^^^^^^^^^^^
57210 |   "title": "Card Designs: Update",
57211 |   "type": "object",

Warning was generated by the no-unused-components rule.


[71] openapi.json:57311:7 at #/components/schemas/card_holder_verifications__sandbox__update

Component: "card_holder_verifications__sandbox__update" is never used.

57309 |   "description": ""
57310 | },
57311 | "card_holder_verifications__sandbox__update": {
      | ^^^^^^^^^^^^^^^^^^^^^^^^^^^^^^^^^^^^^^^^^^^^
57312 |   "title": "Card Holder Verifications: Sandbox: Update",
57313 |   "type": "object",

Warning was generated by the no-unused-components rule.


[72] openapi.json:58077:7 at #/components/schemas/4003__error

Component: "4003__error" is never used.

58075 |   "description": ""
58076 | },
58077 | "4003__error": {
      | ^^^^^^^^^^^^^
58078 |   "title": "4003: Error",
58079 |   "type": "object",

Warning was generated by the no-unused-components rule.


[73] openapi.json:58127:7 at #/components/schemas/4002__error

Component: "4002__error" is never used.

58125 |   "description": ""
58126 | },
58127 | "4002__error": {
      | ^^^^^^^^^^^^^
58128 |   "title": "4002: Error",
58129 |   "type": "object",

Warning was generated by the no-unused-components rule.


[74] openapi.json:58177:7 at #/components/schemas/4001__error

Component: "4001__error" is never used.

58175 |   "description": ""
58176 | },
58177 | "4001__error": {
      | ^^^^^^^^^^^^^
58178 |   "title": "4001: Error",
58179 |   "type": "object",

Warning was generated by the no-unused-components rule.


[75] openapi.json:58227:7 at #/components/schemas/4005__error

Component: "4005__error" is never used.

58225 |   "description": ""
58226 | },
58227 | "4005__error": {
      | ^^^^^^^^^^^^^
58228 |   "title": "4005: Error",
58229 |   "type": "object",

Warning was generated by the no-unused-components rule.


[76] openapi.json:58277:7 at #/components/schemas/suspense_wires__approve

Component: "suspense_wires__approve" is never used.

58275 |   "description": ""
58276 | },
58277 | "suspense_wires__approve": {
      | ^^^^^^^^^^^^^^^^^^^^^^^^^
58278 |   "title": "Suspense Wires: Approve",
58279 |   "type": "object",

Warning was generated by the no-unused-components rule.


[77] openapi.json:58287:7 at #/components/schemas/suspense_wires__reject

Component: "suspense_wires__reject" is never used.

58285 |   "description": ""
58286 | },
58287 | "suspense_wires__reject": {
      | ^^^^^^^^^^^^^^^^^^^^^^^^
58288 |   "title": "Suspense Wires: Reject",
58289 |   "type": "object",

Warning was generated by the no-unused-components rule.


[78] openapi.json:58303:7 at #/components/schemas/suspense_wires__settle

Component: "suspense_wires__settle" is never used.

58301 |   "description": ""
58302 | },
58303 | "suspense_wires__settle": {
      | ^^^^^^^^^^^^^^^^^^^^^^^^
58304 |   "title": "Suspense Wires: Settle",
58305 |   "type": "object",

Warning was generated by the no-unused-components rule.


[79] openapi.json:58313:7 at #/components/schemas/4000__error

Component: "4000__error" is never used.

58311 |   "description": ""
58312 | },
58313 | "4000__error": {
      | ^^^^^^^^^^^^^
58314 |   "title": "4000: Error",
58315 |   "type": "object",

Warning was generated by the no-unused-components rule.


[80] openapi.json:58363:7 at #/components/schemas/4004__error

Component: "4004__error" is never used.

58361 |   "description": ""
58362 | },
58363 | "4004__error": {
      | ^^^^^^^^^^^^^
58364 |   "title": "4004: Error",
58365 |   "type": "object",

Warning was generated by the no-unused-components rule.


[81] openapi.json:58494:7 at #/components/schemas/countries__update

Component: "countries__update" is never used.

58492 |   "description": ""
58493 | },
58494 | "countries__update": {
      | ^^^^^^^^^^^^^^^^^^^
58495 |   "title": "Countries: Update",
58496 |   "type": "object",

Warning was generated by the no-unused-components rule.


[82] openapi.json:58528:7 at #/components/schemas/card_images__create

Component: "card_images__create" is never used.

58526 |   "description": ""
58527 | },
58528 | "card_images__create": {
      | ^^^^^^^^^^^^^^^^^^^^^
58529 |   "title": "Card Images: Create",
58530 |   "type": "object",

Warning was generated by the no-unused-components rule.


[83] openapi.json:58652:7 at #/components/schemas/access_policies__destroy

Component: "access_policies__destroy" is never used.

58650 |   "description": ""
58651 | },
58652 | "access_policies__destroy": {
      | ^^^^^^^^^^^^^^^^^^^^^^^^^^
58653 |   "title": "Destroy",
58654 |   "type": "object",

Warning was generated by the no-unused-components rule.


[84] openapi.json:58725:7 at #/components/schemas/reconcile_items__update

Component: "reconcile_items__update" is never used.

58723 |   "description": ""
58724 | },
58725 | "reconcile_items__update": {
      | ^^^^^^^^^^^^^^^^^^^^^^^^^
58726 |   "title": "Reconcile Items: Update",
58727 |   "type": "object",

Warning was generated by the no-unused-components rule.


[85] openapi.json:59017:7 at #/components/schemas/funds_transfer_methods__deep__test__create

Component: "funds_transfer_methods__deep__test__create" is never used.

59015 |   "description": ""
59016 | },
59017 | "funds_transfer_methods__deep__test__create": {
      | ^^^^^^^^^^^^^^^^^^^^^^^^^^^^^^^^^^^^^^^^^^^^
59018 |   "title": "It Works",
59019 |   "type": "object",

Warning was generated by the no-unused-components rule.


[86] openapi.json:59030:7 at #/components/schemas/contributions__create_test

Component: "contributions__create_test" is never used.

59028 |   "description": ""
59029 | },
59030 | "contributions__create_test": {
      | ^^^^^^^^^^^^^^^^^^^^^^^^^^^^
59031 |   "title": "Funds Transfer Method",
59032 |   "type": "object",

Warning was generated by the no-unused-components rule.


[87] openapi.json:69020:7 at #/components/schemas/account_reviews__response_wrapper_array

Component: "account_reviews__response_wrapper_array" is never used.

69018 |   "description": ""
69019 | },
69020 | "account_reviews__response_wrapper_array": {
      | ^^^^^^^^^^^^^^^^^^^^^^^^^^^^^^^^^^^^^^^^^
69021 |   "title": "Account Reviews: Response Wrapper Array",
69022 |   "type": "object",

Warning was generated by the no-unused-components rule.


[88] openapi.json:69081:7 at #/components/schemas/account_reviews__filter

Component: "account_reviews__filter" is never used.

69079 |   "description": ""
69080 | },
69081 | "account_reviews__filter": {
      | ^^^^^^^^^^^^^^^^^^^^^^^^^
69082 |   "title": "Account Review Filter",
69083 |   "type": "object",

Warning was generated by the no-unused-components rule.


[89] openapi.json:69220:7 at #/components/schemas/account_reviews__sort

Component: "account_reviews__sort" is never used.

69218 |   "description": ""
69219 | },
69220 | "account_reviews__sort": {
      | ^^^^^^^^^^^^^^^^^^^^^^^
69221 |   "title": "Account Review Sort",
69222 |   "type": "array",

Warning was generated by the no-unused-components rule.


[90] openapi.json:69285:7 at #/components/schemas/account_reviews__include

Component: "account_reviews__include" is never used.

69283 |   "description": ""
69284 | },
69285 | "account_reviews__include": {
      | ^^^^^^^^^^^^^^^^^^^^^^^^^^
69286 |   "title": "Account Review Include",
69287 |   "type": "array",

Warning was generated by the no-unused-components rule.


[91] openapi.json:69590:7 at #/components/schemas/account_risk_reviews__response_wrapper_array

Component: "account_risk_reviews__response_wrapper_array" is never used.

69588 |   "description": ""
69589 | },
69590 | "account_risk_reviews__response_wrapper_array": {
      | ^^^^^^^^^^^^^^^^^^^^^^^^^^^^^^^^^^^^^^^^^^^^^^
69591 |   "title": "Account Risk Reviews: Response Wrapper Array",
69592 |   "type": "object",

Warning was generated by the no-unused-components rule.


[92] openapi.json:69651:7 at #/components/schemas/account_risk_reviews__filter

Component: "account_risk_reviews__filter" is never used.

69649 |   "description": ""
69650 | },
69651 | "account_risk_reviews__filter": {
      | ^^^^^^^^^^^^^^^^^^^^^^^^^^^^^^
69652 |   "title": "Account Risk Review Filter",
69653 |   "type": "object",

Warning was generated by the no-unused-components rule.


[93] openapi.json:69856:7 at #/components/schemas/account_risk_reviews__sort

Component: "account_risk_reviews__sort" is never used.

69854 |   "description": ""
69855 | },
69856 | "account_risk_reviews__sort": {
      | ^^^^^^^^^^^^^^^^^^^^^^^^^^^^
69857 |   "title": "Account Risk Review Sort",
69858 |   "type": "array",

Warning was generated by the no-unused-components rule.


[94] openapi.json:69949:7 at #/components/schemas/account_risk_reviews__include

Component: "account_risk_reviews__include" is never used.

69947 |   "description": ""
69948 | },
69949 | "account_risk_reviews__include": {
      | ^^^^^^^^^^^^^^^^^^^^^^^^^^^^^^^
69950 |   "title": "Account Risk Review Include",
69951 |   "type": "array",

Warning was generated by the no-unused-components rule.


[95] openapi.json:70094:7 at #/components/schemas/account_statement_batches__filter

Component: "account_statement_batches__filter" is never used.

70092 |   "description": ""
70093 | },
70094 | "account_statement_batches__filter": {
      | ^^^^^^^^^^^^^^^^^^^^^^^^^^^^^^^^^^^
70095 |   "title": "Account Statement Batch Filter",
70096 |   "type": "object",

Warning was generated by the no-unused-components rule.


[96] openapi.json:70299:7 at #/components/schemas/account_statement_batches__sort

Component: "account_statement_batches__sort" is never used.

70297 |   "description": ""
70298 | },
70299 | "account_statement_batches__sort": {
      | ^^^^^^^^^^^^^^^^^^^^^^^^^^^^^^^^^
70300 |   "title": "Account Statement Batch Sort",
70301 |   "type": "array",

Warning was generated by the no-unused-components rule.


[97] openapi.json:70392:7 at #/components/schemas/account_statement_batches__include

Component: "account_statement_batches__include" is never used.

70390 |   "description": ""
70391 | },
70392 | "account_statement_batches__include": {
      | ^^^^^^^^^^^^^^^^^^^^^^^^^^^^^^^^^^^^
70393 |   "title": "Account Statement Batch Include",
70394 |   "type": "array",

Warning was generated by the no-unused-components rule.


[98] openapi.json:70408:7 at #/components/schemas/account_statement_batches__response_wrapper_array

Component: "account_statement_batches__response_wrapper_array" is never used.

70406 |   "description": ""
70407 | },
70408 | "account_statement_batches__response_wrapper_array": {
      | ^^^^^^^^^^^^^^^^^^^^^^^^^^^^^^^^^^^^^^^^^^^^^^^^^^^
70409 |   "title": "Account Statement Batches: Response Wrapper Array",
70410 |   "type": "object",

Warning was generated by the no-unused-components rule.


[99] openapi.json:75461:7 at #/components/schemas/activities__response_wrapper_array

Component: "activities__response_wrapper_array" is never used.

75459 |   "description": ""
75460 | },
75461 | "activities__response_wrapper_array": {
      | ^^^^^^^^^^^^^^^^^^^^^^^^^^^^^^^^^^^^
75462 |   "title": "Activities: Response Wrapper Array",
75463 |   "type": "object",

Warning was generated by the no-unused-components rule.


[100] openapi.json:75522:7 at #/components/schemas/activities__filter

Component: "activities__filter" is never used.

75520 |   "description": ""
75521 | },
75522 | "activities__filter": {
      | ^^^^^^^^^^^^^^^^^^^^
75523 |   "title": "Activity Filter",
75524 |   "type": "object",

Warning was generated by the no-unused-components rule.


< ... 144 more problems hidden > increase with `--max-problems N`
openapi.json: validated in 1512ms

Woohoo! Your OpenAPI definition is valid. 🎉
You have 244 warnings.

